<?xml version="1.0" encoding="UTF-8"?>
<!-- Generated by org.testng.reporters.JUnitReportReporter -->
<testsuite hostname="atuin" name="de.TestFoo" tests="1" failures="0" timestamp="18 Oct 2014 16:31:02 GMT" time="0.012" errors="0">
  <testcase name="testFoo" time="0.012" classname="de.TestFoo"/>
</testsuite> <!-- de.TestFoo -->
